<?xml version="1.0" encoding="UTF-8"?>
<!-- Generated by org.testng.reporters.JUnitReportReporter -->
<testsuite hostname="LAPTOP-R2TDNRH5" failures="0" tests="1" name="runner.RunCuke" time="23.764" errors="0" timestamp="25 Jul 2023 02:28:59 GMT" skipped="0">
  <testcase classname="runner.RunCuke" name="runScenario" time="23.764"/>
</testsuite> <!-- runner.RunCuke -->
