<?xml version="1.0" encoding="UTF-8"?>
<!-- Generated by org.testng.reporters.JUnitReportReporter -->
<testsuite hostname="LAPTOP-R2TDNRH5" failures="0" tests="1" name="runner.Runcuke" time="18.620" errors="0" timestamp="25 Jul 2023 01:53:43 GMT" skipped="0">
  <testcase classname="runner.Runcuke" name="runScenario" time="18.620"/>
</testsuite> <!-- runner.Runcuke -->
